<?xml version="1.0" encoding="UTF-8"?>
<testsuite hostname="hhbld01t" name="de.edict.services.backofficetests.bonusoffer.BonusOfferDepositTests--IoM_default" tests="15" failures="1" timestamp="26 Jun 2018 15:41:26 GMT" time="55.391"
    errors="0">
    <testcase name="testCreateBonusOfferWithCountryRestrictions--IoM_default" time="12.167" classname="de.edict.services.backofficetests.bonusoffer.BonusOfferDepositTests" />
    <testcase name="testFirstPayInWith50EURWithVoucherCode--IoM_default" time="1.454" classname="de.edict.services.backofficetests.bonusoffer.BonusOfferDepositTests" />
    <testcase name="testCreateBonusOfferTrigger999--IoM_default" time="2.114" classname="de.edict.services.backofficetests.bonusoffer.BonusOfferDepositTests" />
    <testcase name="testEveryPayInDuringThePeriodWithVisa--IoM_default" time="26.713" classname="de.edict.services.backofficetests.bonusoffer.BonusOfferDepositTests">
        <failure type="com.googlecode.sardine.impl.SardineException" message="Unexpected response">
        <![CDATA[com.googlecode.sardine.impl.SardineException: Unexpected response
        	at com.googlecode.sardine.impl.handler.ValidatingResponseHandler.validateResponse(ValidatingResponseHandler.java:49)
        	at com.googlecode.sardine.impl.handler.VoidResponseHandler.handleResponse(VoidResponseHandler.java:35)
        	at com.googlecode.sardine.impl.SardineImpl.get(SardineImpl.java:478)
        	at com.googlecode.sardine.impl.SardineImpl.get(SardineImpl.java:458)
        	at de.edict.eoc.test.utils.TextHelper.connectWikiWebdav(TextHelper.java:75)
        	at de.edict.eoc.test.bonus.BonusOfferTestHelper.checkDefaultStakerestrictionsAgainstWiki(BonusOfferTestHelper.java:339)
        	at de.edict.services.backofficetests.bonusoffer.BonusOfferDepositTests.testEveryPayInDuringThePeriodWithVisa(BonusOfferDepositTests.java:178)
        	at sun.reflect.NativeMethodAccessorImpl.invoke0(Native Method)
        	at sun.reflect.NativeMethodAccessorImpl.invoke(NativeMethodAccessorImpl.java:62)
        	at sun.reflect.DelegatingMethodAccessorImpl.invoke(DelegatingMethodAccessorImpl.java:43)
        	at java.lang.reflect.Method.invoke(Method.java:498)
        	at org.testng.internal.MethodInvocationHelper.invokeMethod(MethodInvocationHelper.java:84)
        	at org.testng.internal.Invoker.invokeMethod(Invoker.java:714)
        	at org.testng.internal.Invoker.invokeTestMethod(Invoker.java:901)
        	at org.testng.internal.Invoker.invokeTestMethods(Invoker.java:1231)
        	at org.testng.internal.TestMethodWorker.invokeTestMethods(TestMethodWorker.java:127)
        	at org.testng.internal.TestMethodWorker.run(TestMethodWorker.java:111)
        	at java.util.concurrent.ThreadPoolExecutor.runWorker(ThreadPoolExecutor.java:1149)
        	at java.util.concurrent.ThreadPoolExecutor$Worker.run(ThreadPoolExecutor.java:624)
        	at java.lang.Thread.run(Thread.java:748)
        ]]>
        </failure>
    </testcase>
    <testcase name="TryToCreateBonusWithoutCorrectPermission--IoM_default" time="0.610" classname="de.edict.services.backofficetests.bonusoffer.BonusOfferDepositTests" />
    <testcase name="testBonusOfferWithSpecialCharacter--IoM_default" time="3.118" classname="de.edict.services.backofficetests.bonusoffer.BonusOfferDepositTests" />
    <testcase name="testFirstPayinWithOneHourDuration--IoM_default" time="0.693" classname="de.edict.services.backofficetests.bonusoffer.BonusOfferDepositTests" />
    <testcase name="testBonusOfferWithSpecialCharacterMinus--IoM_default" time="0.501" classname="de.edict.services.backofficetests.bonusoffer.BonusOfferDepositTests" />
    <testcase name="testFirstPayinWithoutStartAndEnddate--IoM_default" time="0.542" classname="de.edict.services.backofficetests.bonusoffer.BonusOfferDepositTests" />
    <testcase name="testCreateBonusOfferWithCountryAndPaymentRestrictions--IoM_default" time="2.136" classname="de.edict.services.backofficetests.bonusoffer.BonusOfferDepositTests" />
    <testcase name="testEveryfifthPayInWithVisa--IoM_default" time="0.675" classname="de.edict.services.backofficetests.bonusoffer.BonusOfferDepositTests" />
    <testcase name="testEveryPayInDuringThePeriod--IoM_default" time="1.956" classname="de.edict.services.backofficetests.bonusoffer.BonusOfferDepositTests" />
    <testcase name="testFirstPayInWith50EUR--IoM_default" time="0.706" classname="de.edict.services.backofficetests.bonusoffer.BonusOfferDepositTests" />
    <testcase name="testCreateBonusOfferSartTodayTop5Restrictions--IoM_default" time="1.055" classname="de.edict.services.backofficetests.bonusoffer.BonusOfferDepositTests" />
    <testcase name="testCreateBonusOfferAllMax--IoM_default" time="0.951" classname="de.edict.services.backofficetests.bonusoffer.BonusOfferDepositTests" />
</testsuite>