<?xml version="1.0" encoding="UTF-8"?>
<testsuite hostname="hhbld03t" name="de.edict.services.portaltests.SlotSessionTest--ES" tests="11" failures="0" timestamp="26 Jun 2018 13:51:32 GMT" time="265.564" errors="1">
    <testcase name="testExpireSlotSessionWhileGameStartLossCondition--ES" time="17.388" classname="de.edict.services.portaltests.SlotSessionTest" />
    <testcase name="testConsistencyOfSlotsessionAndAccountDataAfterHeartbeat--ES" time="59.843" classname="de.edict.services.portaltests.SlotSessionTest" />
    <testcase name="testSlotSessionWinning--ES" time="21.539" classname="de.edict.services.portaltests.SlotSessionTest" />
    <testcase name="testExpireSlotSessionWhileGameStartTimeCondition--ES" time="17.597" classname="de.edict.services.portaltests.SlotSessionTest" />
    <testcase name="testSlotSessionLimitAmountExceeded--ES" time="13.583" classname="de.edict.services.portaltests.SlotSessionTest">
        <error type="java.lang.AssertionError"
            message="Expecting message type SLOT_LOSS_LIMIT_EXCEEDED in Response.
            Expected: is &quot;SLOT_LOSS_LIMIT_EXCEEDED&quot;
                 but: was &quot;ACCOUNT_EMPTY&quot;">
                  <![CDATA[java.lang.AssertionError: Expecting message type SLOT_LOSS_LIMIT_EXCEEDED in Response.
            Expected: is "SLOT_LOSS_LIMIT_EXCEEDED"
                 but: was "ACCOUNT_EMPTY"
                at org.hamcrest.MatcherAssert.assertThat(MatcherAssert.java:20)
                at de.edict.services.portaltests.SlotSessionTest.testSlotSessionLimitAmountExceeded(SlotSessionTest.java:288)
                at sun.reflect.NativeMethodAccessorImpl.invoke0(Native Method)
                at sun.reflect.NativeMethodAccessorImpl.invoke(NativeMethodAccessorImpl.java:62)
                at sun.reflect.DelegatingMethodAccessorImpl.invoke(DelegatingMethodAccessorImpl.java:43)
                at java.lang.reflect.Method.invoke(Method.java:498)
                at org.testng.internal.MethodInvocationHelper.invokeMethod(MethodInvocationHelper.java:84)
                at org.testng.internal.Invoker.invokeMethod(Invoker.java:714)
                at org.testng.internal.Invoker.invokeTestMethod(Invoker.java:901)
                at org.testng.internal.Invoker.invokeTestMethods(Invoker.java:1231)
                at org.testng.internal.TestMethodWorker.invokeTestMethods(TestMethodWorker.java:127)
                at org.testng.internal.TestMethodWorker.run(TestMethodWorker.java:111)
                at org.testng.TestRunner.privateRun(TestRunner.java:767)
                at org.testng.TestRunner.run(TestRunner.java:617)
                at org.testng.SuiteRunner.runTest(SuiteRunner.java:348)
                at org.testng.SuiteRunner.runSequentially(SuiteRunner.java:343)
                at org.testng.SuiteRunner.privateRun(SuiteRunner.java:305)
                at org.testng.SuiteRunner.run(SuiteRunner.java:254)
                at org.testng.SuiteRunnerWorker.runSuite(SuiteRunnerWorker.java:52)
                at org.testng.SuiteRunnerWorker.run(SuiteRunnerWorker.java:86)
                at org.testng.TestNG.runSuitesSequentially(TestNG.java:1224)
                at org.testng.TestNG.runSuitesLocally(TestNG.java:1149)
                at org.testng.TestNG.run(TestNG.java:1057)
                at org.testng.TestNG.privateMain(TestNG.java:1364)
                at org.testng.TestNG.main(TestNG.java:1333)
            ]]>
        </error>
    </testcase> <!-- testSlotSessionLimitAmountExceeded-ES -->
    <testcase name="testConsistencyOfSlotsessionAndAccountData--ES" time="18.456" classname="de.edict.services.portaltests.SlotSessionTest" />
    <testcase name="testCreateSlotSessionWithGameStart--ES" time="2.897" classname="de.edict.services.portaltests.SlotSessionTest" />
    <testcase name="testExpireSlotSessionWhileHeartbeat--ES" time="35.558" classname="de.edict.services.portaltests.SlotSessionTest" />
    <testcase name="testCheckPortalRestService--ES" time="28.069" classname="de.edict.services.portaltests.SlotSessionTest" />
    <testcase name="testCheckBORestService--ES" time="17.425" classname="de.edict.services.portaltests.SlotSessionTest" />
    <testcase name="testLossLimitWarning--ES" time="33.209" classname="de.edict.services.portaltests.SlotSessionTest" />
</testsuite> 